9 T 0.75
-4.0 10 0
0.0000 0.0597 0.1175 0.1718 0.2209 0.2632 0.2976 0.3229
0.3384 0.3436
0.4064 0.4116 0.4271 0.4524 0.4868 0.5291 0.5782 0.6325
0.6903 0.7500
-3.0 10 0
0.0000 0.0971 0.1912 0.2795 0.3593 0.4282 0.4841 0.5253
0.5505 0.5590
0.1910 0.1995 0.2247 0.2659 0.3218 0.3907 0.4705 0.5588
0.6529 0.7500
-2.0 10 0
0.0000 0.1167 0.2298 0.3359 0.4319 0.5147 0.5818 0.6313
0.6616 0.6719
0.0781 0.0884 0.1187 0.1682 0.2353 0.3181 0.4141 0.5202
0.6333 0.7500
-1.0 10 0
0.0000 0.1270 0.2501 0.3656 0.4700 0.5602 0.6333 0.6871
0.7201 0.7312
0.0188 0.0299 0.0629 0.1167 0.1898 0.2800 0.3844 0.4999
0.6230 0.7500
-0.0 10 0
0.0000 0.1302 0.2565 0.3750 0.4821 0.5745 0.6495 0.7048
0.7386 0.7500
0.0000 0.0114 0.0452 0.1005 0.1755 0.2679 0.3750 0.4935
0.6198 0.7500
1.0 10 0
0.0000 0.1270 0.2501 0.3656 0.4700 0.5602 0.6333 0.6871
0.7201 0.7312
0.0188 0.0299 0.0629 0.1167 0.1898 0.2800 0.3844 0.4999
0.6230 0.7500
2.0 10 0
0.0000 0.1167 0.2298 0.3359 0.4319 0.5147 0.5818 0.6313
0.6616 0.6719
0.0781 0.0884 0.1187 0.1682 0.2353 0.3181 0.4141 0.5202
0.6333 0.7500
3.0 10 0
0.0000 0.0971 0.1912 0.2795 0.3593 0.4282 0.4841 0.5253
0.5505 0.5590
0.1910 0.1995 0.2247 0.2659 0.3218 0.3907 0.4705 0.5588
0.6529 0.7500
4.0 10 0
0.0000 0.0597 0.1175 0.1718 0.2209 0.2632 0.2976 0.3229
0.3384 0.3436
0.4064 0.4116 0.4271 0.4524 0.4868 0.5291 0.5782 0.6325
0.6903 0.7500