 +-no.of pressure points per section  0
 Section hydrodynamic data?         yes
 Transfer functions?                 no
 Significant amplitudes?             no

 Example Half Spheroid                                                           
 In the following input data x,y,z are directed forward, to port side, up

 Gravity acceleration             9.810
 Water density                 1000.000
 z of still waterline             0.750
 z of water bottom               -0.100E+07
 z for water drift velocity     999.000
 Wave encounter angles            0.000
 Offset file name: geomet.out
 Number of sections                   9
 Symmetry?                          yes
 Reference draft                  0.750
 Section no.  1 at x=    -4.000
 y:     0.000     0.060     0.117     0.172     0.221     0.263     0.298     0.323
 y:     0.338     0.344
 z:     0.406     0.412     0.427     0.452     0.487     0.529     0.578     0.632
 z:     0.690     0.750
 Section no.  2 at x=    -3.000
 y:     0.000     0.097     0.191     0.280     0.359     0.428     0.484     0.525
 y:     0.550     0.559
 z:     0.191     0.199     0.225     0.266     0.322     0.391     0.470     0.559
 z:     0.653     0.750
 Section no.  3 at x=    -2.000
 y:     0.000     0.117     0.230     0.336     0.432     0.515     0.582     0.631
 y:     0.662     0.672
 z:     0.078     0.088     0.119     0.168     0.235     0.318     0.414     0.520
 z:     0.633     0.750
 Section no.  4 at x=    -1.000
 y:     0.000     0.127     0.250     0.366     0.470     0.560     0.633     0.687
 y:     0.720     0.731
 z:     0.019     0.030     0.063     0.117     0.190     0.280     0.384     0.500
 z:     0.623     0.750
 Section no.  5 at x=    -0.000
 y:     0.000     0.130     0.257     0.375     0.482     0.575     0.650     0.705
 y:     0.739     0.750
 z:     0.000     0.011     0.045     0.101     0.176     0.268     0.375     0.493
 z:     0.620     0.750
 Section no.  6 at x=     1.000
 y:     0.000     0.127     0.250     0.366     0.470     0.560     0.633     0.687
 y:     0.720     0.731
 z:     0.019     0.030     0.063     0.117     0.190     0.280     0.384     0.500
 z:     0.623     0.750
 Section no.  7 at x=     2.000
 y:     0.000     0.117     0.230     0.336     0.432     0.515     0.582     0.631
 y:     0.662     0.672
 z:     0.078     0.088     0.119     0.168     0.235     0.318     0.414     0.520
 z:     0.633     0.750
 Section no.  8 at x=     3.000
 y:     0.000     0.097     0.191     0.280     0.359     0.428     0.484     0.525
 y:     0.550     0.559
 z:     0.191     0.199     0.225     0.266     0.322     0.391     0.470     0.559
 z:     0.653     0.750
 Section no.  9 at x=     4.000
 y:     0.000     0.060     0.117     0.172     0.221     0.263     0.298     0.323
 y:     0.338     0.344
 z:     0.406     0.412     0.427     0.452     0.487     0.529     0.578     0.632
 z:     0.690     0.750
